<?xml version="1.0" encoding="UTF-8"?>
<testng-results ignored="0" total="1" passed="1" failed="0" skipped="0">
  <reporter-output>
    <line>
      <![CDATA[Successfully open trip.com!!]]>
    </line>
    <line>
      <![CDATA[Enter username : soumik.royhpe@gmail.com<br/>]]>
    </line>
    <line>
      <![CDATA[Enter Password : Test@0117<br/>]]>
    </line>
    <line>
      <![CDATA[Successfully login into trip.com!!]]>
    </line>
    <line>
      <![CDATA[Successfully Selected Currency as INR.<br/>]]>
    </line>
    <line>
      <![CDATA[Successfully selected Oneway!!]]>
    </line>
    <line>
      <![CDATA[Successfully selected Leaving Form airport : Netaji Subhas Chandra Bose International Airport<br/>]]>
    </line>
    <line>
      <![CDATA[Successfully selected Going to airport : Kuala Lumpur International Airport<br/>]]>
    </line>
    <line>
      <![CDATA[Ticket booking date : 16-Apr-2024<br/>]]>
    </line>
    <line>
      <![CDATA[Successfully added flight search criteria.]]>
    </line>
    <line>
      <![CDATA[Lowest flight fare: 11808<br/>]]>
    </line>
    <line>
      <![CDATA[Available flights.]]>
    </line>
    <line>
      <![CDATA[Successfully found flight with lowest fare.]]>
    </line>
    <line>
      <![CDATA[Successfully clicked on book option!!<br/>]]>
    </line>
  </reporter-output>
  <suite started-at="2024-03-17T01:40:48 IST" name="Suite" finished-at="2024-03-17T01:44:21 IST" duration-ms="212344">
    <groups>
    </groups>
    <test started-at="2024-03-17T01:40:48 IST" name="FB_LoginTest" finished-at="2024-03-17T01:44:21 IST" duration-ms="212344">
      <class name="com.poc.testcaseClass.TripComTC">
        <test-method is-config="true" signature="beforeTest_Setup()[pri:0, instance:com.poc.testcaseClass.TripComTC@7ec7ffd3]" started-at="2024-03-17T01:40:48 IST" name="beforeTest_Setup" finished-at="2024-03-17T01:40:48 IST" duration-ms="15" status="PASS">
          <reporter-output>
          </reporter-output>
        </test-method> <!-- beforeTest_Setup -->
        <test-method is-config="true" signature="all_setup()[pri:0, instance:com.poc.testcaseClass.TripComTC@7ec7ffd3]" started-at="2024-03-17T01:40:48 IST" name="all_setup" finished-at="2024-03-17T01:40:57 IST" duration-ms="8476" status="PASS">
          <reporter-output>
          </reporter-output>
        </test-method> <!-- all_setup -->
        <test-method signature="TC01()[pri:1, instance:com.poc.testcaseClass.TripComTC@7ec7ffd3]" started-at="2024-03-17T01:40:57 IST" name="TC01" finished-at="2024-03-17T01:44:20 IST" duration-ms="203228" status="PASS">
          <reporter-output>
            <line>
              <![CDATA[Successfully open trip.com!!]]>
            </line>
            <line>
              <![CDATA[Enter username : soumik.royhpe@gmail.com<br/>]]>
            </line>
            <line>
              <![CDATA[Enter Password : Test@0117<br/>]]>
            </line>
            <line>
              <![CDATA[Successfully login into trip.com!!]]>
            </line>
            <line>
              <![CDATA[Successfully Selected Currency as INR.<br/>]]>
            </line>
            <line>
              <![CDATA[Successfully selected Oneway!!]]>
            </line>
            <line>
              <![CDATA[Successfully selected Leaving Form airport : Netaji Subhas Chandra Bose International Airport<br/>]]>
            </line>
            <line>
              <![CDATA[Successfully selected Going to airport : Kuala Lumpur International Airport<br/>]]>
            </line>
            <line>
              <![CDATA[Ticket booking date : 16-Apr-2024<br/>]]>
            </line>
            <line>
              <![CDATA[Successfully added flight search criteria.]]>
            </line>
            <line>
              <![CDATA[Lowest flight fare: 11808<br/>]]>
            </line>
            <line>
              <![CDATA[Available flights.]]>
            </line>
            <line>
              <![CDATA[Successfully found flight with lowest fare.]]>
            </line>
            <line>
              <![CDATA[Successfully clicked on book option!!<br/>]]>
            </line>
          </reporter-output>
        </test-method> <!-- TC01 -->
      </class> <!-- com.poc.testcaseClass.TripComTC -->
    </test> <!-- FB_LoginTest -->
  </suite> <!-- Suite -->
</testng-results>
