<?xml version="1.0" encoding="UTF-8"?>
<testsuite xmlns:xsi="http://www.w3.org/2001/XMLSchema-instance" xsi:noNamespaceSchemaLocation="https://maven.apache.org/surefire/maven-surefire-plugin/xsd/surefire-test-report-3.0.xsd" version="3.0" name="TestSuite" time="212.989" tests="1" errors="0" skipped="0" failures="0">
  <properties>
[...]
</properties>
  <testcase name="TC01" classname="com.poc.testcaseClass.TripComTC" time="203.821">
    <system-out><![CDATA[Folder C:\POC\E2EReporting\Screenshots\TripComTC exist.
Renaming Test Result Folder name : TripComTC_2024-03-17_01-40-48
Sourcepath folder path : C:/POC//E2EReporting/Screenshots/TripComTC_2024-03-17_01-40-48
Targetpath folder path : C:/POC//E2EReporting/Screenshots/Archive/TripComTC_2024-03-17_01-40-48
Existing Test Result folder is renamed & moved to Archive Folder !!!!
[DEBUG] 2024-03-17 01:40:54.533 [main] InternalLoggerFactory - Using Log4J2 as the default logging framework
[DEBUG] 2024-03-17 01:40:54.550 [main] ResourceLeakDetector - -Dio.netty.leakDetection.level: simple
[DEBUG] 2024-03-17 01:40:54.550 [main] ResourceLeakDetector - -Dio.netty.leakDetection.targetRecords: 4
[DEBUG] 2024-03-17 01:40:54.550 [main] ResourceLeakDetectorFactory - Loaded default ResourceLeakDetector: io.netty.util.ResourceLeakDetector@54afd745
[DEBUG] 2024-03-17 01:40:54.572 [main] PlatformDependent0 - -Dio.netty.noUnsafe: false
[DEBUG] 2024-03-17 01:40:54.572 [main] PlatformDependent0 - Java version: 13
[DEBUG] 2024-03-17 01:40:54.578 [main] PlatformDependent0 - sun.misc.Unsafe.theUnsafe: available
[DEBUG] 2024-03-17 01:40:54.578 [main] PlatformDependent0 - sun.misc.Unsafe.copyMemory: available
[DEBUG] 2024-03-17 01:40:54.578 [main] PlatformDependent0 - sun.misc.Unsafe.storeFence: available
[DEBUG] 2024-03-17 01:40:54.578 [main] PlatformDependent0 - java.nio.Buffer.address: available
[DEBUG] 2024-03-17 01:40:54.578 [main] PlatformDependent0 - direct buffer constructor: unavailable: Reflective setAccessible(true) disabled
[DEBUG] 2024-03-17 01:40:54.580 [main] PlatformDependent0 - java.nio.Bits.unaligned: available, true
[DEBUG] 2024-03-17 01:40:54.580 [main] PlatformDependent0 - jdk.internal.misc.Unsafe.allocateUninitializedArray(int): unavailable: class io.netty.util.internal.PlatformDependent0$7 cannot access class jdk.internal.misc.Unsafe (in module java.base) because module java.base does not export jdk.internal.misc to unnamed module @402f80f5
[DEBUG] 2024-03-17 01:40:54.584 [main] PlatformDependent0 - java.nio.DirectByteBuffer.<init>(long, int): unavailable
[DEBUG] 2024-03-17 01:40:54.584 [main] PlatformDependent - sun.misc.Unsafe: available
[DEBUG] 2024-03-17 01:40:54.584 [main] PlatformDependent - maxDirectMemory: 2099249152 bytes (maybe)
[DEBUG] 2024-03-17 01:40:54.584 [main] PlatformDependent - -Dio.netty.tmpdir: C:\Users\soumi\AppData\Local\Temp (java.io.tmpdir)
[DEBUG] 2024-03-17 01:40:54.584 [main] PlatformDependent - -Dio.netty.bitMode: 64 (sun.arch.data.model)
[DEBUG] 2024-03-17 01:40:54.585 [main] PlatformDependent - Platform: Windows
[DEBUG] 2024-03-17 01:40:54.586 [main] PlatformDependent - -Dio.netty.maxDirectMemory: -1 bytes
[DEBUG] 2024-03-17 01:40:54.586 [main] PlatformDependent - -Dio.netty.uninitializedArrayAllocationThreshold: -1
[DEBUG] 2024-03-17 01:40:54.586 [main] CleanerJava9 - java.nio.ByteBuffer.cleaner(): available
[DEBUG] 2024-03-17 01:40:54.588 [main] PlatformDependent - -Dio.netty.noPreferDirect: false
[DEBUG] 2024-03-17 01:40:54.591 [main] PlatformDependent - org.jctools-core.MpscChunkedArrayQueue: available
[DEBUG] 2024-03-17 01:40:54.605 [main] InternalThreadLocalMap - -Dio.netty.threadLocalMap.stringBuilder.initialSize: 1024
[DEBUG] 2024-03-17 01:40:54.605 [main] InternalThreadLocalMap - -Dio.netty.threadLocalMap.stringBuilder.maxSize: 4096
[DEBUG] 2024-03-17 01:40:54.817 [main] JdkSslContext - Default protocols (JDK): [TLSv1.3, TLSv1.2, TLSv1.1, TLSv1] 
[DEBUG] 2024-03-17 01:40:54.817 [main] JdkSslContext - Default cipher suites (JDK): [TLS_ECDHE_ECDSA_WITH_AES_256_GCM_SHA384, TLS_ECDHE_ECDSA_WITH_AES_128_GCM_SHA256, TLS_ECDHE_RSA_WITH_AES_128_GCM_SHA256, TLS_ECDHE_RSA_WITH_AES_256_GCM_SHA384, TLS_ECDHE_RSA_WITH_AES_128_CBC_SHA, TLS_ECDHE_RSA_WITH_AES_256_CBC_SHA, TLS_RSA_WITH_AES_128_GCM_SHA256, TLS_RSA_WITH_AES_128_CBC_SHA, TLS_RSA_WITH_AES_256_CBC_SHA, TLS_AES_128_GCM_SHA256, TLS_AES_256_GCM_SHA384]
[DEBUG] 2024-03-17 01:40:54.834 [main] GlobalEventExecutor - -Dio.netty.globalEventExecutor.quietPeriodSeconds: 1
[DEBUG] 2024-03-17 01:40:54.845 [main] MultithreadEventLoopGroup - -Dio.netty.eventLoopThreads: 16
[DEBUG] 2024-03-17 01:40:54.869 [main] NioEventLoop - -Dio.netty.noKeySetOptimization: false
[DEBUG] 2024-03-17 01:40:54.869 [main] NioEventLoop - -Dio.netty.selectorAutoRebuildThreshold: 512
[DEBUG] 2024-03-17 01:40:55.036 [main] PooledByteBufAllocator - -Dio.netty.allocator.numHeapArenas: 16
[DEBUG] 2024-03-17 01:40:55.036 [main] PooledByteBufAllocator - -Dio.netty.allocator.numDirectArenas: 16
[DEBUG] 2024-03-17 01:40:55.036 [main] PooledByteBufAllocator - -Dio.netty.allocator.pageSize: 8192
[DEBUG] 2024-03-17 01:40:55.036 [main] PooledByteBufAllocator - -Dio.netty.allocator.maxOrder: 9
[DEBUG] 2024-03-17 01:40:55.036 [main] PooledByteBufAllocator - -Dio.netty.allocator.chunkSize: 4194304
[DEBUG] 2024-03-17 01:40:55.036 [main] PooledByteBufAllocator - -Dio.netty.allocator.smallCacheSize: 256
[DEBUG] 2024-03-17 01:40:55.036 [main] PooledByteBufAllocator - -Dio.netty.allocator.normalCacheSize: 64
[DEBUG] 2024-03-17 01:40:55.036 [main] PooledByteBufAllocator - -Dio.netty.allocator.maxCachedBufferCapacity: 32768
[DEBUG] 2024-03-17 01:40:55.036 [main] PooledByteBufAllocator - -Dio.netty.allocator.cacheTrimInterval: 8192
[DEBUG] 2024-03-17 01:40:55.036 [main] PooledByteBufAllocator - -Dio.netty.allocator.cacheTrimIntervalMillis: 0
[DEBUG] 2024-03-17 01:40:55.036 [main] PooledByteBufAllocator - -Dio.netty.allocator.useCacheForAllThreads: false
[DEBUG] 2024-03-17 01:40:55.036 [main] PooledByteBufAllocator - -Dio.netty.allocator.maxCachedByteBuffersPerChunk: 1023
[DEBUG] 2024-03-17 01:40:55.057 [main] ByteBufUtil - -Dio.netty.allocator.type: pooled
[DEBUG] 2024-03-17 01:40:55.062 [main] ByteBufUtil - -Dio.netty.threadLocalDirectBufferSize: 0
[DEBUG] 2024-03-17 01:40:55.062 [main] ByteBufUtil - -Dio.netty.maxThreadLocalCharBufferSize: 16384
[DEBUG] 2024-03-17 01:40:55.887 [Forwarding newSession on session null to remote] DefaultChannelId - -Dio.netty.processId: 28188 (auto-detected)
[DEBUG] 2024-03-17 01:40:55.889 [Forwarding newSession on session null to remote] NetUtil - -Djava.net.preferIPv4Stack: false
[DEBUG] 2024-03-17 01:40:55.889 [Forwarding newSession on session null to remote] NetUtil - -Djava.net.preferIPv6Addresses: false
[DEBUG] 2024-03-17 01:40:55.983 [Forwarding newSession on session null to remote] NetUtilInitializations - Loopback interface: lo (Software Loopback Interface 1, 127.0.0.1)
[DEBUG] 2024-03-17 01:40:56.001 [Forwarding newSession on session null to remote] NetUtil - Failed to get SOMAXCONN from sysctl and file \proc\sys\net\core\somaxconn. Default: 200
[DEBUG] 2024-03-17 01:40:56.001 [Forwarding newSession on session null to remote] DefaultChannelId - -Dio.netty.machineId: e8:d0:fc:ff:fe:eb:ef:1b (auto-detected)
[DEBUG] 2024-03-17 01:40:56.062 [AsyncHttpClient-1-2] AbstractByteBuf - -Dio.netty.buffer.checkAccessible: true
[DEBUG] 2024-03-17 01:40:56.063 [AsyncHttpClient-1-2] AbstractByteBuf - -Dio.netty.buffer.checkBounds: true
[DEBUG] 2024-03-17 01:40:56.063 [AsyncHttpClient-1-2] ResourceLeakDetectorFactory - Loaded default ResourceLeakDetector: io.netty.util.ResourceLeakDetector@7b549722
[DEBUG] 2024-03-17 01:40:56.096 [AsyncHttpClient-1-2] Recycler - -Dio.netty.recycler.maxCapacityPerThread: 4096
[DEBUG] 2024-03-17 01:40:56.096 [AsyncHttpClient-1-2] Recycler - -Dio.netty.recycler.ratio: 8
[DEBUG] 2024-03-17 01:40:56.096 [AsyncHttpClient-1-2] Recycler - -Dio.netty.recycler.chunkSize: 32
[DEBUG] 2024-03-17 01:40:56.096 [AsyncHttpClient-1-2] Recycler - -Dio.netty.recycler.blocking: false
[DEBUG] 2024-03-17 01:40:56.096 [AsyncHttpClient-1-2] Recycler - -Dio.netty.recycler.batchFastThreadLocalOnly: true
[DEBUG] 2024-03-17 01:40:56.853 [AsyncHttpClient-1-2] Brotli - brotli4j not in the classpath; Brotli support will be unavailable.
[DEBUG] 2024-03-17 01:40:57.013 [main] ThreadLocalRandom - -Dio.netty.initialSeedUniquifier: 0x2237f6a48b5cbf5a
---------- Executing :-TC01 ----------------------
[DEBUG] 2024-03-17 01:41:01.951 [main] PackageRelationshipCollection - Parsing relationship: /xl/_rels/workbook.xml.rels
[DEBUG] 2024-03-17 01:41:01.955 [main] PackageRelationshipCollection - Parsing relationship: /xl/worksheets/_rels/sheet1.xml.rels
[DEBUG] 2024-03-17 01:41:01.989 [main] PackageRelationshipCollection - Parsing relationship: /_rels/.rels
[INFO ] 2024-03-17 01:41:02.737 [main] GenericFunction - com.poc.POM.LoginTrip_POM : Successfully open trip.com!!
[INFO ] 2024-03-17 01:41:03.437 [main] GenericFunction - com.poc.reusable.GenericFunction : Clicked on the element: [[ChromeDriver: chrome on windows (d948057161671e3f37b2d1e0e50ec8c8)] -> xpath: //span[@class='mc-hd__login-btn']]
[INFO ] 2024-03-17 01:41:07.771 [main] GenericFunction - com.poc.reusable.GenericFunction : Entered value: soumik.royhpe@gmail.com into the element: [[ChromeDriver: chrome on windows (d948057161671e3f37b2d1e0e50ec8c8)] -> xpath: //input[@placeholder='Please enter an email address']]
[INFO ] 2024-03-17 01:41:09.783 [main] GenericFunction - com.poc.POM.LoginTrip_POM : Enter username : soumik.royhpe@gmail.com
[INFO ] 2024-03-17 01:41:11.806 [main] GenericFunction - com.poc.reusable.GenericFunction : Clicked on the element: [[ChromeDriver: chrome on windows (d948057161671e3f37b2d1e0e50ec8c8)] -> xpath: //span[contains(text(),'Continue')]]
[INFO ] 2024-03-17 01:41:33.062 [main] GenericFunction - com.poc.reusable.GenericFunction : Clicked on the element: Proxy element for: DefaultElementLocator 'By.xpath: //span[@class='password-login-btn-text']'
[INFO ] 2024-03-17 01:41:37.341 [main] GenericFunction - com.poc.reusable.GenericFunction : Entered value: Test@0117 into the element: [[ChromeDriver: chrome on windows (d948057161671e3f37b2d1e0e50ec8c8)] -> xpath: //input[@type='password']]
[INFO ] 2024-03-17 01:41:37.342 [main] GenericFunction - com.poc.POM.LoginTrip_POM : Enter Password : Test@0117
[INFO ] 2024-03-17 01:41:52.499 [main] GenericFunction - com.poc.reusable.GenericFunction : Clicked on the element: Proxy element for: DefaultElementLocator 'By.xpath: //button[@id='ibu_login_submit' and @type='submit']/span[contains(text(),'Sign In')]'
[INFO ] 2024-03-17 01:41:54.503 [main] GenericFunction - com.poc.POM.LoginTrip_POM : Successfully login into trip.com!!
[INFO ] 2024-03-17 01:42:10.305 [main] GenericFunction - com.poc.reusable.GenericFunction : Clicked on the element: Proxy element for: DefaultElementLocator 'By.xpath: //span[@class='close-icon fi-close fi']'
[INFO ] 2024-03-17 01:42:12.568 [main] GenericFunction - com.poc.reusable.GenericFunction : Clicked on the element: [[ChromeDriver: chrome on windows (d948057161671e3f37b2d1e0e50ec8c8)] -> xpath: //a[@title='My Bookings']//parent::div//preceding::div/div/div[contains(text(),'USD')]]
[INFO ] 2024-03-17 01:42:14.754 [main] GenericFunction - com.poc.reusable.GenericFunction : Clicked on the element: [[ChromeDriver: chrome on windows (d948057161671e3f37b2d1e0e50ec8c8)] -> xpath: //span[contains(text(),'Indian Rupee')]//parent::div]
[INFO ] 2024-03-17 01:42:16.754 [main] GenericFunction - com.poc.POM.HomeTrip_POM : Successfully Selected Currency as INR.
[INFO ] 2024-03-17 01:42:18.235 [main] GenericFunction - com.poc.reusable.GenericFunction : Clicked on the element: [[ChromeDriver: chrome on windows (d948057161671e3f37b2d1e0e50ec8c8)] -> xpath: //span[contains(text(),'Flights')]//parent::li]
[INFO ] 2024-03-17 01:42:20.394 [main] GenericFunction - com.poc.reusable.GenericFunction : Clicked on the element: [[ChromeDriver: chrome on windows (d948057161671e3f37b2d1e0e50ec8c8)] -> xpath: //div[@data-testid='flightType']]
[INFO ] 2024-03-17 01:42:22.697 [main] GenericFunction - com.poc.reusable.GenericFunction : Clicked on the element: [[ChromeDriver: chrome on windows (d948057161671e3f37b2d1e0e50ec8c8)] -> xpath: //li[@data-testid='flightType_OW']]
[INFO ] 2024-03-17 01:42:39.825 [main] GenericFunction - com.poc.reusable.GenericFunction : Clicked on the element: Proxy element for: DefaultElementLocator 'By.xpath: //i[@data-testid='cityLabel_delete_0']'
[INFO ] 2024-03-17 01:42:41.836 [main] GenericFunction - com.poc.POM.HomeTrip_POM : Successfully selected Oneway!!
[INFO ] 2024-03-17 01:42:43.025 [main] GenericFunction - com.poc.reusable.GenericFunction : Clicked on the element: [[ChromeDriver: chrome on windows (d948057161671e3f37b2d1e0e50ec8c8)] -> xpath: //span[contains(text(),'Leaving from')]//parent::div]
[INFO ] 2024-03-17 01:42:47.429 [main] GenericFunction - com.poc.reusable.GenericFunction : Entered value: CCU into the element: [[ChromeDriver: chrome on windows (d948057161671e3f37b2d1e0e50ec8c8)] -> xpath: //input[@placeholder='Leaving from' and @data-testid='search_city_from0']]
[INFO ] 2024-03-17 01:42:47.821 [main] GenericFunction - com.poc.reusable.GenericFunction : Clicked on the element: [[ChromeDriver: chrome on windows (d948057161671e3f37b2d1e0e50ec8c8)] -> xpath: //span[contains(text(),'Netaji Subhas Chandra Bose International Airport')]]
[INFO ] 2024-03-17 01:42:49.835 [main] GenericFunction - com.poc.POM.HomeTrip_POM : Successfully selected Leaving Form airport : Netaji Subhas Chandra Bose International Airport
[INFO ] 2024-03-17 01:42:50.009 [main] GenericFunction - com.poc.reusable.GenericFunction : Clicked on the element: [[ChromeDriver: chrome on windows (d948057161671e3f37b2d1e0e50ec8c8)] -> xpath: //span[contains(text(),'Going to')]//parent::div]
[INFO ] 2024-03-17 01:42:54.373 [main] GenericFunction - com.poc.reusable.GenericFunction : Entered value: KUL into the element: [[ChromeDriver: chrome on windows (d948057161671e3f37b2d1e0e50ec8c8)] -> xpath: //input[@placeholder='Going to' and @data-testid='search_city_to0']]
[INFO ] 2024-03-17 01:42:54.609 [main] GenericFunction - com.poc.reusable.GenericFunction : Clicked on the element: [[ChromeDriver: chrome on windows (d948057161671e3f37b2d1e0e50ec8c8)] -> xpath: //span[contains(text(),'Kuala Lumpur International Airport')]]
[INFO ] 2024-03-17 01:42:56.617 [main] GenericFunction - com.poc.POM.HomeTrip_POM : Successfully selected Going to airport : Kuala Lumpur International Airport
[INFO ] 2024-03-17 01:42:56.617 [main] GenericFunction - com.poc.POM.HomeTrip_POM : Ticket booking date : 16-Apr-2024
[INFO ] 2024-03-17 01:42:56.665 [main] GenericFunction - com.poc.reusable.GenericFunction : Successfully scrolled till the element: [[ChromeDriver: chrome on windows (d948057161671e3f37b2d1e0e50ec8c8)] -> xpath: //input[@data-testid='search_date_depart0']]
[INFO ] 2024-03-17 01:42:57.896 [main] GenericFunction - com.poc.reusable.GenericFunction : Clicked on the element: [[ChromeDriver: chrome on windows (d948057161671e3f37b2d1e0e50ec8c8)] -> xpath: //input[@data-testid='search_date_depart0']]
Mar 2024
[INFO ] 2024-03-17 01:43:00.121 [main] GenericFunction - com.poc.reusable.GenericFunction : Clicked on the element: [[ChromeDriver: chrome on windows (d948057161671e3f37b2d1e0e50ec8c8)] -> xpath: //span[@class='c-calendar-icon-next']]
Apr 2024
[INFO ] 2024-03-17 01:43:02.331 [main] GenericFunction - com.poc.reusable.GenericFunction : Clicked on the element: [[ChromeDriver: chrome on windows (d948057161671e3f37b2d1e0e50ec8c8)] -> xpath: (//span[@class='day' and contains(text(),'16')])[1]]
[INFO ] 2024-03-17 01:43:04.344 [main] GenericFunction - com.poc.POM.HomeTrip_POM : Successfully added flight search criteria.
[INFO ] 2024-03-17 01:43:11.726 [main] GenericFunction - com.poc.reusable.GenericFunction : Clicked on the element: [[ChromeDriver: chrome on windows (d948057161671e3f37b2d1e0e50ec8c8)] -> xpath: //div[@class='popup-btn' and contains(text(),'Allow')]]
1 no.flight with fear : INR 11,808
2 no.flight with fear : INR 18,422
3 no.flight with fear : INR 23,245
4 no.flight with fear : INR 28,849
5 no.flight with fear : INR 30,086
6 no.flight with fear : INR 30,207
7 no.flight with fear : INR 30,207
8 no.flight with fear : INR 32,767
9 no.flight with fear : INR 33,290
10 no.flight with fear : INR 33,290
11 no.flight with fear : INR 35,323
12 no.flight with fear : INR 44,700
13 no.flight with fear : INR 47,168
14 no.flight with fear : INR 47,962
15 no.flight with fear : INR 49,452
16 no.flight with fear : INR 76,230
17 no.flight with fear : INR 81,530
18 no.flight with fear : INR 86,054
19 no.flight with fear : INR 133,663
20 no.flight with fear : INR 29,314
21 no.flight with fear : INR 32,114
22 no.flight with fear : INR 32,993
23 no.flight with fear : INR 34,863
24 no.flight with fear : INR 41,135
25 no.flight with fear : INR 61,878
26 no.flight with fear : INR 68,360
27 no.flight with fear : INR 76,134
28 no.flight with fear : INR 81,839
29 no.flight with fear : INR 81,839
30 no.flight with fear : INR 81,839
[INFO ] 2024-03-17 01:44:08.123 [main] GenericFunction - com.poc.POM.HomeTrip_POM : Lowest flight fare: 11808
[INFO ] 2024-03-17 01:44:08.123 [main] GenericFunction - com.poc.POM.HomeTrip_POM : Available flights.
[INFO ] 2024-03-17 01:44:08.869 [main] GenericFunction - com.poc.reusable.GenericFunction : Clicked on the element: [[ChromeDriver: chrome on windows (d948057161671e3f37b2d1e0e50ec8c8)] -> xpath: (((//span[@data-price='11808'])[1]//parent::div//parent::div)[1]//following::div)[1]]
[INFO ] 2024-03-17 01:44:17.901 [main] GenericFunction - com.poc.POM.HomeTrip_POM : Successfully found flight with lowest fare.
[INFO ] 2024-03-17 01:44:18.501 [main] GenericFunction - com.poc.reusable.GenericFunction : Clicked on the element: [[ChromeDriver: chrome on windows (d948057161671e3f37b2d1e0e50ec8c8)] -> xpath: ((((//span[@data-price='11808'])[1]//parent::div//parent::div)[1]//following::div)[1]//span)[1]/button]
[INFO ] 2024-03-17 01:44:20.513 [main] GenericFunction - com.poc.POM.HomeTrip_POM : Successfully clicked on book option!!
]]></system-out>
    <system-err><![CDATA[SLF4J: Failed to load class "org.slf4j.impl.StaticLoggerBinder".
SLF4J: Defaulting to no-operation (NOP) logger implementation
SLF4J: See http://www.slf4j.org/codes.html#StaticLoggerBinder for further details.
Mar 17, 2024 1:40:57 AM org.openqa.selenium.devtools.CdpVersionFinder findNearestMatch
WARNING: Unable to find CDP implementation matching 122
Mar 17, 2024 1:40:57 AM org.openqa.selenium.chromium.ChromiumDriver lambda$new$5
WARNING: Unable to find version of CDP to use for 122.0.6261.129. You may need to include a dependency on a specific version of the CDP using something similar to `org.seleniumhq.selenium:selenium-devtools-v86:4.11.0` where the version ("v86") matches the version of the chromium-based browser you're using and the version number of the artifact is the same as Selenium's.
]]></system-err>
  </testcase>
</testsuite>